<?xml version="1.0" encoding="UTF-8"?>
<testng-results skipped="0" failed="0" ignored="0" total="1" passed="1">
  <reporter-output>
  </reporter-output>
  <suite name="Suite" duration-ms="9056" started-at="2017-11-07T14:30:30Z" finished-at="2017-11-07T14:30:39Z">
    <groups>
    </groups>
    <test name="Test" duration-ms="9056" started-at="2017-11-07T14:30:30Z" finished-at="2017-11-07T14:30:39Z">
      <class name="WebAppTest.HomePageTest">
        <test-method status="PASS" signature="beforeTest()[pri:0, instance:WebAppTest.HomePageTest@60f82f98]" name="beforeTest" is-config="true" duration-ms="3363" started-at="2017-11-07T09:30:30Z" finished-at="2017-11-07T09:30:34Z">
          <reporter-output>
          </reporter-output>
        </test-method> <!-- beforeTest -->
        <test-method status="PASS" signature="testHomePage()[pri:0, instance:WebAppTest.HomePageTest@60f82f98]" name="testHomePage" duration-ms="5248" started-at="2017-11-07T09:30:34Z" finished-at="2017-11-07T09:30:39Z">
          <reporter-output>
          </reporter-output>
        </test-method> <!-- testHomePage -->
        <test-method status="PASS" signature="afterTest()[pri:0, instance:WebAppTest.HomePageTest@60f82f98]" name="afterTest" is-config="true" duration-ms="430" started-at="2017-11-07T09:30:39Z" finished-at="2017-11-07T09:30:39Z">
          <reporter-output>
          </reporter-output>
        </test-method> <!-- afterTest -->
      </class> <!-- WebAppTest.HomePageTest -->
    </test> <!-- Test -->
  </suite> <!-- Suite -->
</testng-results>
