<?xml version="1.0" encoding="UTF-8"?>
<testng-results skipped="0" failed="0" ignored="0" total="1" passed="1">
  <reporter-output>
  </reporter-output>
  <suite name="Default suite" duration-ms="8262" started-at="2017-11-07T13:11:35Z" finished-at="2017-11-07T13:11:43Z">
    <groups>
    </groups>
    <test name="Default test" duration-ms="8262" started-at="2017-11-07T13:11:35Z" finished-at="2017-11-07T13:11:43Z">
      <class name="WebAppTest.HomePageTest">
        <test-method status="PASS" signature="beforeTest()[pri:0, instance:WebAppTest.HomePageTest@4cc0edeb]" name="beforeTest" is-config="true" duration-ms="2743" started-at="2017-11-07T08:11:35Z" finished-at="2017-11-07T08:11:38Z">
          <reporter-output>
          </reporter-output>
        </test-method> <!-- beforeTest -->
        <test-method status="PASS" signature="testHomePage()[pri:0, instance:WebAppTest.HomePageTest@4cc0edeb]" name="testHomePage" duration-ms="5253" started-at="2017-11-07T08:11:38Z" finished-at="2017-11-07T08:11:43Z">
          <reporter-output>
          </reporter-output>
        </test-method> <!-- testHomePage -->
        <test-method status="PASS" signature="afterTest()[pri:0, instance:WebAppTest.HomePageTest@4cc0edeb]" name="afterTest" is-config="true" duration-ms="250" started-at="2017-11-07T08:11:43Z" finished-at="2017-11-07T08:11:43Z">
          <reporter-output>
          </reporter-output>
        </test-method> <!-- afterTest -->
      </class> <!-- WebAppTest.HomePageTest -->
    </test> <!-- Default test -->
  </suite> <!-- Default suite -->
</testng-results>
